This is pdfTeX, Version 3.14159265-2.6-1.40.18 (TeX Live 2017) (preloaded format=pdflatex 2018.1.19)  24 MAY 2018 13:27
entering extended mode
 restricted \write18 enabled.
 file:line:error style messages enabled.
 %&-line parsing enabled.
**manuscript.tex
(./manuscript.tex
LaTeX2e <2017-04-15>
Babel <3.10> and hyphenation patterns for 84 language(s) loaded.
(/usr/local/texlive/2017/texmf-dist/tex/latex/base/article.cls
Document Class: article 2014/09/29 v1.4h Standard LaTeX document class
(/usr/local/texlive/2017/texmf-dist/tex/latex/base/size11.clo
File: size11.clo 2014/09/29 v1.4h Standard LaTeX file (size option)
)
\c@part=\count79
\c@section=\count80
\c@subsection=\count81
\c@subsubsection=\count82
\c@paragraph=\count83
\c@subparagraph=\count84
\c@figure=\count85
\c@table=\count86
\abovecaptionskip=\skip41
\belowcaptionskip=\skip42
\bibindent=\dimen102
)
(/usr/local/texlive/2017/texmf-dist/tex/latex/geometry/geometry.sty
Package: geometry 2010/09/12 v5.6 Page Geometry

(/usr/local/texlive/2017/texmf-dist/tex/latex/graphics/keyval.sty
Package: keyval 2014/10/28 v1.15 key=value parser (DPC)
\KV@toks@=\toks14
)
(/usr/local/texlive/2017/texmf-dist/tex/generic/oberdiek/ifpdf.sty
Package: ifpdf 2017/03/15 v3.2 Provides the ifpdf switch
)
(/usr/local/texlive/2017/texmf-dist/tex/generic/oberdiek/ifvtex.sty
Package: ifvtex 2016/05/16 v1.6 Detect VTeX and its facilities (HO)
Package ifvtex Info: VTeX not detected.
)
(/usr/local/texlive/2017/texmf-dist/tex/generic/ifxetex/ifxetex.sty
Package: ifxetex 2010/09/12 v0.6 Provides ifxetex conditional
)
\Gm@cnth=\count87
\Gm@cntv=\count88
\c@Gm@tempcnt=\count89
\Gm@bindingoffset=\dimen103
\Gm@wd@mp=\dimen104
\Gm@odd@mp=\dimen105
\Gm@even@mp=\dimen106
\Gm@layoutwidth=\dimen107
\Gm@layoutheight=\dimen108
\Gm@layouthoffset=\dimen109
\Gm@layoutvoffset=\dimen110
\Gm@dimlist=\toks15
)
(/usr/local/texlive/2017/texmf-dist/tex/latex/graphics/graphicx.sty
Package: graphicx 2014/10/28 v1.0g Enhanced LaTeX Graphics (DPC,SPQR)

(/usr/local/texlive/2017/texmf-dist/tex/latex/graphics/graphics.sty
Package: graphics 2017/04/14 v1.1b Standard LaTeX Graphics (DPC,SPQR)

(/usr/local/texlive/2017/texmf-dist/tex/latex/graphics/trig.sty
Package: trig 2016/01/03 v1.10 sin cos tan (DPC)
)
(/usr/local/texlive/2017/texmf-dist/tex/latex/graphics-cfg/graphics.cfg
File: graphics.cfg 2016/06/04 v1.11 sample graphics configuration
)
Package graphics Info: Driver file: pdftex.def on input line 99.

(/usr/local/texlive/2017/texmf-dist/tex/latex/graphics-def/pdftex.def
File: pdftex.def 2017/01/12 v0.06k Graphics/color for pdfTeX

(/usr/local/texlive/2017/texmf-dist/tex/generic/oberdiek/infwarerr.sty
Package: infwarerr 2016/05/16 v1.4 Providing info/warning/error messages (HO)
)
(/usr/local/texlive/2017/texmf-dist/tex/generic/oberdiek/ltxcmds.sty
Package: ltxcmds 2016/05/16 v1.23 LaTeX kernel commands for general use (HO)
)
\Gread@gobject=\count90
))
\Gin@req@height=\dimen111
\Gin@req@width=\dimen112
)
(/usr/local/texlive/2017/texmf-dist/tex/latex/amsfonts/amssymb.sty
Package: amssymb 2013/01/14 v3.01 AMS font symbols

(/usr/local/texlive/2017/texmf-dist/tex/latex/amsfonts/amsfonts.sty
Package: amsfonts 2013/01/14 v3.01 Basic AMSFonts support
\@emptytoks=\toks16
\symAMSa=\mathgroup4
\symAMSb=\mathgroup5
LaTeX Font Info:    Overwriting math alphabet `\mathfrak' in version `bold'
(Font)                  U/euf/m/n --> U/euf/b/n on input line 106.
))
(/usr/local/texlive/2017/texmf-dist/tex/latex/amsmath/amsmath.sty
Package: amsmath 2016/11/05 v2.16a AMS math features
\@mathmargin=\skip43

For additional information on amsmath, use the `?' option.
(/usr/local/texlive/2017/texmf-dist/tex/latex/amsmath/amstext.sty
Package: amstext 2000/06/29 v2.01 AMS text

(/usr/local/texlive/2017/texmf-dist/tex/latex/amsmath/amsgen.sty
File: amsgen.sty 1999/11/30 v2.0 generic functions
\@emptytoks=\toks17
\ex@=\dimen113
))
(/usr/local/texlive/2017/texmf-dist/tex/latex/amsmath/amsbsy.sty
Package: amsbsy 1999/11/29 v1.2d Bold Symbols
\pmbraise@=\dimen114
)
(/usr/local/texlive/2017/texmf-dist/tex/latex/amsmath/amsopn.sty
Package: amsopn 2016/03/08 v2.02 operator names
)
\inf@bad=\count91
LaTeX Info: Redefining \frac on input line 213.
\uproot@=\count92
\leftroot@=\count93
LaTeX Info: Redefining \overline on input line 375.
\classnum@=\count94
\DOTSCASE@=\count95
LaTeX Info: Redefining \ldots on input line 472.
LaTeX Info: Redefining \dots on input line 475.
LaTeX Info: Redefining \cdots on input line 596.
\Mathstrutbox@=\box26
\strutbox@=\box27
\big@size=\dimen115
LaTeX Font Info:    Redeclaring font encoding OML on input line 712.
LaTeX Font Info:    Redeclaring font encoding OMS on input line 713.
\macc@depth=\count96
\c@MaxMatrixCols=\count97
\dotsspace@=\muskip10
\c@parentequation=\count98
\dspbrk@lvl=\count99
\tag@help=\toks18
\row@=\count100
\column@=\count101
\maxfields@=\count102
\andhelp@=\toks19
\eqnshift@=\dimen116
\alignsep@=\dimen117
\tagshift@=\dimen118
\tagwidth@=\dimen119
\totwidth@=\dimen120
\lineht@=\dimen121
\@envbody=\toks20
\multlinegap=\skip44
\multlinetaggap=\skip45
\mathdisplay@stack=\toks21
LaTeX Info: Redefining \[ on input line 2817.
LaTeX Info: Redefining \] on input line 2818.
)
(./natbib.sty
Package: natbib 2006/03/22 7.3 (PWD)
\bibhang=\skip46
\bibsep=\skip47
LaTeX Info: Redefining \cite on input line 541.
\c@NAT@ctr=\count103
) (./aas_macros.sty)
(/usr/local/texlive/2017/texmf-dist/tex/latex/graphics/lscape.sty
Package: lscape 2000/10/22 v3.01 Landscape Pages (DPC)
)
(/usr/local/texlive/2017/texmf-dist/tex/latex/wasysym/wasysym.sty
Package: wasysym 2003/10/30 v2.0 Wasy-2 symbol support package
\symwasy=\mathgroup6
LaTeX Font Info:    Overwriting symbol font `wasy' in version `bold'
(Font)                  U/wasy/m/n --> U/wasy/b/n on input line 90.
)
(/usr/local/texlive/2017/texmf-dist/tex/latex/txfonts/txfonts.sty
Package: txfonts 2008/01/22 v3.2.1
LaTeX Font Info:    Redeclaring symbol font `operators' on input line 21.
LaTeX Font Info:    Overwriting symbol font `operators' in version `normal'
(Font)                  OT1/cmr/m/n --> OT1/txr/m/n on input line 21.
LaTeX Font Info:    Overwriting symbol font `operators' in version `bold'
(Font)                  OT1/cmr/bx/n --> OT1/txr/m/n on input line 21.
LaTeX Font Info:    Overwriting symbol font `operators' in version `bold'
(Font)                  OT1/txr/m/n --> OT1/txr/bx/n on input line 22.
\symitalic=\mathgroup7
LaTeX Font Info:    Overwriting symbol font `italic' in version `bold'
(Font)                  OT1/txr/m/it --> OT1/txr/bx/it on input line 26.
LaTeX Font Info:    Redeclaring math alphabet \mathbf on input line 29.
LaTeX Font Info:    Overwriting math alphabet `\mathbf' in version `normal'
(Font)                  OT1/cmr/bx/n --> OT1/txr/bx/n on input line 29.
LaTeX Font Info:    Overwriting math alphabet `\mathbf' in version `bold'
(Font)                  OT1/cmr/bx/n --> OT1/txr/bx/n on input line 29.
LaTeX Font Info:    Redeclaring math alphabet \mathit on input line 30.
LaTeX Font Info:    Overwriting math alphabet `\mathit' in version `normal'
(Font)                  OT1/cmr/m/it --> OT1/txr/m/it on input line 30.
LaTeX Font Info:    Overwriting math alphabet `\mathit' in version `bold'
(Font)                  OT1/cmr/bx/it --> OT1/txr/m/it on input line 30.
LaTeX Font Info:    Overwriting math alphabet `\mathit' in version `bold'
(Font)                  OT1/txr/m/it --> OT1/txr/bx/it on input line 31.
LaTeX Font Info:    Redeclaring math alphabet \mathsf on input line 40.
LaTeX Font Info:    Overwriting math alphabet `\mathsf' in version `normal'
(Font)                  OT1/cmss/m/n --> OT1/txss/m/n on input line 40.
LaTeX Font Info:    Overwriting math alphabet `\mathsf' in version `bold'
(Font)                  OT1/cmss/bx/n --> OT1/txss/m/n on input line 40.
LaTeX Font Info:    Overwriting math alphabet `\mathsf' in version `bold'
(Font)                  OT1/txss/m/n --> OT1/txss/b/n on input line 41.
LaTeX Font Info:    Redeclaring math alphabet \mathtt on input line 50.
LaTeX Font Info:    Overwriting math alphabet `\mathtt' in version `normal'
(Font)                  OT1/cmtt/m/n --> OT1/txtt/m/n on input line 50.
LaTeX Font Info:    Overwriting math alphabet `\mathtt' in version `bold'
(Font)                  OT1/cmtt/m/n --> OT1/txtt/m/n on input line 50.
LaTeX Font Info:    Overwriting math alphabet `\mathtt' in version `bold'
(Font)                  OT1/txtt/m/n --> OT1/txtt/b/n on input line 51.
LaTeX Font Info:    Redeclaring symbol font `letters' on input line 58.
LaTeX Font Info:    Overwriting symbol font `letters' in version `normal'
(Font)                  OML/cmm/m/it --> OML/txmi/m/it on input line 58.
LaTeX Font Info:    Overwriting symbol font `letters' in version `bold'
(Font)                  OML/cmm/b/it --> OML/txmi/m/it on input line 58.
LaTeX Font Info:    Overwriting symbol font `letters' in version `bold'
(Font)                  OML/txmi/m/it --> OML/txmi/bx/it on input line 59.
\symlettersA=\mathgroup8
LaTeX Font Info:    Overwriting symbol font `lettersA' in version `bold'
(Font)                  U/txmia/m/it --> U/txmia/bx/it on input line 67.
LaTeX Font Info:    Redeclaring math alphabet \mathfrak on input line 70.
LaTeX Font Info:    Redeclaring symbol font `symbols' on input line 77.
LaTeX Font Info:    Overwriting symbol font `symbols' in version `normal'
(Font)                  OMS/cmsy/m/n --> OMS/txsy/m/n on input line 77.
LaTeX Font Info:    Overwriting symbol font `symbols' in version `bold'
(Font)                  OMS/cmsy/b/n --> OMS/txsy/m/n on input line 77.
LaTeX Font Info:    Overwriting symbol font `symbols' in version `bold'
(Font)                  OMS/txsy/m/n --> OMS/txsy/bx/n on input line 78.
LaTeX Font Info:    Redeclaring symbol font `AMSa' on input line 93.
LaTeX Font Info:    Overwriting symbol font `AMSa' in version `normal'
(Font)                  U/msa/m/n --> U/txsya/m/n on input line 93.
LaTeX Font Info:    Overwriting symbol font `AMSa' in version `bold'
(Font)                  U/msa/m/n --> U/txsya/m/n on input line 93.
LaTeX Font Info:    Overwriting symbol font `AMSa' in version `bold'
(Font)                  U/txsya/m/n --> U/txsya/bx/n on input line 94.
LaTeX Font Info:    Redeclaring symbol font `AMSb' on input line 102.
LaTeX Font Info:    Overwriting symbol font `AMSb' in version `normal'
(Font)                  U/msb/m/n --> U/txsyb/m/n on input line 102.
LaTeX Font Info:    Overwriting symbol font `AMSb' in version `bold'
(Font)                  U/msb/m/n --> U/txsyb/m/n on input line 102.
LaTeX Font Info:    Overwriting symbol font `AMSb' in version `bold'
(Font)                  U/txsyb/m/n --> U/txsyb/bx/n on input line 103.
\symsymbolsC=\mathgroup9
LaTeX Font Info:    Overwriting symbol font `symbolsC' in version `bold'
(Font)                  U/txsyc/m/n --> U/txsyc/bx/n on input line 113.
LaTeX Font Info:    Redeclaring symbol font `largesymbols' on input line 120.
LaTeX Font Info:    Overwriting symbol font `largesymbols' in version `normal'
(Font)                  OMX/cmex/m/n --> OMX/txex/m/n on input line 120.
LaTeX Font Info:    Overwriting symbol font `largesymbols' in version `bold'
(Font)                  OMX/cmex/m/n --> OMX/txex/m/n on input line 120.
LaTeX Font Info:    Overwriting symbol font `largesymbols' in version `bold'
(Font)                  OMX/txex/m/n --> OMX/txex/bx/n on input line 121.
\symlargesymbolsA=\mathgroup10
LaTeX Font Info:    Overwriting symbol font `largesymbolsA' in version `bold'
(Font)                  U/txexa/m/n --> U/txexa/bx/n on input line 129.
LaTeX Info: Redefining \not on input line 1043.
)
(/usr/local/texlive/2017/texmf-dist/tex/latex/hyperref/hyperref.sty
Package: hyperref 2017/03/14 v6.85a Hypertext links for LaTeX

(/usr/local/texlive/2017/texmf-dist/tex/generic/oberdiek/hobsub-hyperref.sty
Package: hobsub-hyperref 2016/05/16 v1.14 Bundle oberdiek, subset hyperref (HO)


(/usr/local/texlive/2017/texmf-dist/tex/generic/oberdiek/hobsub-generic.sty
Package: hobsub-generic 2016/05/16 v1.14 Bundle oberdiek, subset generic (HO)
Package: hobsub 2016/05/16 v1.14 Construct package bundles (HO)
Package hobsub Info: Skipping package `infwarerr' (already loaded).
Package hobsub Info: Skipping package `ltxcmds' (already loaded).
Package: ifluatex 2016/05/16 v1.4 Provides the ifluatex switch (HO)
Package ifluatex Info: LuaTeX not detected.
Package hobsub Info: Skipping package `ifvtex' (already loaded).
Package: intcalc 2016/05/16 v1.2 Expandable calculations with integers (HO)
Package hobsub Info: Skipping package `ifpdf' (already loaded).
Package: etexcmds 2016/05/16 v1.6 Avoid name clashes with e-TeX commands (HO)
Package etexcmds Info: Could not find \expanded.
(etexcmds)             That can mean that you are not using pdfTeX 1.50 or
(etexcmds)             that some package has redefined \expanded.
(etexcmds)             In the latter case, load this package earlier.
Package: kvsetkeys 2016/05/16 v1.17 Key value parser (HO)
Package: kvdefinekeys 2016/05/16 v1.4 Define keys (HO)
Package: pdftexcmds 2017/03/19 v0.25 Utility functions of pdfTeX for LuaTeX (HO
)
Package pdftexcmds Info: LuaTeX not detected.
Package pdftexcmds Info: \pdf@primitive is available.
Package pdftexcmds Info: \pdf@ifprimitive is available.
Package pdftexcmds Info: \pdfdraftmode found.
Package: pdfescape 2016/05/16 v1.14 Implements pdfTeX's escape features (HO)
Package: bigintcalc 2016/05/16 v1.4 Expandable calculations on big integers (HO
)
Package: bitset 2016/05/16 v1.2 Handle bit-vector datatype (HO)
Package: uniquecounter 2016/05/16 v1.3 Provide unlimited unique counter (HO)
)
Package hobsub Info: Skipping package `hobsub' (already loaded).
Package: letltxmacro 2016/05/16 v1.5 Let assignment for LaTeX macros (HO)
Package: hopatch 2016/05/16 v1.3 Wrapper for package hooks (HO)
Package: xcolor-patch 2016/05/16 xcolor patch
Package: atveryend 2016/05/16 v1.9 Hooks at the very end of document (HO)
Package atveryend Info: \enddocument detected (standard20110627).
Package: atbegshi 2016/06/09 v1.18 At begin shipout hook (HO)
Package: refcount 2016/05/16 v3.5 Data extraction from label references (HO)
Package: hycolor 2016/05/16 v1.8 Color options for hyperref/bookmark (HO)
)
(/usr/local/texlive/2017/texmf-dist/tex/latex/oberdiek/auxhook.sty
Package: auxhook 2016/05/16 v1.4 Hooks for auxiliary files (HO)
)
(/usr/local/texlive/2017/texmf-dist/tex/latex/oberdiek/kvoptions.sty
Package: kvoptions 2016/05/16 v3.12 Key value format for package options (HO)
)
\@linkdim=\dimen122
\Hy@linkcounter=\count104
\Hy@pagecounter=\count105

(/usr/local/texlive/2017/texmf-dist/tex/latex/hyperref/pd1enc.def
File: pd1enc.def 2017/03/14 v6.85a Hyperref: PDFDocEncoding definition (HO)
)
\Hy@SavedSpaceFactor=\count106

(/usr/local/texlive/2017/texmf-dist/tex/latex/latexconfig/hyperref.cfg
File: hyperref.cfg 2002/06/06 v1.2 hyperref configuration of TeXLive
)
Package hyperref Info: Hyper figures OFF on input line 4498.
Package hyperref Info: Link nesting OFF on input line 4503.
Package hyperref Info: Hyper index ON on input line 4506.
Package hyperref Info: Plain pages OFF on input line 4513.
Package hyperref Info: Backreferencing OFF on input line 4518.
Package hyperref Info: Implicit mode ON; LaTeX internals redefined.
Package hyperref Info: Bookmarks ON on input line 4751.
\c@Hy@tempcnt=\count107

(/usr/local/texlive/2017/texmf-dist/tex/latex/url/url.sty
\Urlmuskip=\muskip11
Package: url 2013/09/16  ver 3.4  Verb mode for urls, etc.
)
LaTeX Info: Redefining \url on input line 5104.
\XeTeXLinkMargin=\dimen123
\Fld@menulength=\count108
\Field@Width=\dimen124
\Fld@charsize=\dimen125
Package hyperref Info: Hyper figures OFF on input line 6358.
Package hyperref Info: Link nesting OFF on input line 6363.
Package hyperref Info: Hyper index ON on input line 6366.
Package hyperref Info: backreferencing OFF on input line 6373.
Package hyperref Info: Link coloring OFF on input line 6378.
Package hyperref Info: Link coloring with OCG OFF on input line 6383.
Package hyperref Info: PDF/A mode OFF on input line 6388.
LaTeX Info: Redefining \ref on input line 6428.
LaTeX Info: Redefining \pageref on input line 6432.
\Hy@abspage=\count109
\c@Item=\count110
\c@Hfootnote=\count111
)

Package hyperref Message: Driver (autodetected): hpdftex.

(/usr/local/texlive/2017/texmf-dist/tex/latex/hyperref/hpdftex.def
File: hpdftex.def 2017/03/14 v6.85a Hyperref driver for pdfTeX
\Fld@listcount=\count112
\c@bookmark@seq@number=\count113

(/usr/local/texlive/2017/texmf-dist/tex/latex/oberdiek/rerunfilecheck.sty
Package: rerunfilecheck 2016/05/16 v1.8 Rerun checks for auxiliary files (HO)
Package uniquecounter Info: New unique counter `rerunfilecheck' on input line 2
82.
)
\Hy@SectionHShift=\skip48
)
(/usr/local/texlive/2017/texmf-dist/tex/latex/tools/longtable.sty
Package: longtable 2014/10/28 v4.11 Multi-page Table package (DPC)
\LTleft=\skip49
\LTright=\skip50
\LTpre=\skip51
\LTpost=\skip52
\LTchunksize=\count114
\LTcapwidth=\dimen126
\LT@head=\box28
\LT@firsthead=\box29
\LT@foot=\box30
\LT@lastfoot=\box31
\LT@cols=\count115
\LT@rows=\count116
\c@LT@tables=\count117
\c@LT@chunks=\count118
\LT@p@ftn=\toks22
)
(/usr/local/texlive/2017/texmf-dist/tex/latex/tools/afterpage.sty
Package: afterpage 2014/10/28 v1.08 After-Page Package (DPC)
\AP@output=\toks23
\AP@partial=\box32
\AP@footins=\box33
)
(/usr/local/texlive/2017/texmf-dist/tex/latex/graphics/color.sty
Package: color 2016/07/10 v1.1e Standard LaTeX Color (DPC)

(/usr/local/texlive/2017/texmf-dist/tex/latex/graphics-cfg/color.cfg
File: color.cfg 2016/01/02 v1.6 sample color configuration
)
Package color Info: Driver file: pdftex.def on input line 147.

(/usr/local/texlive/2017/texmf-dist/tex/latex/graphics/dvipsnam.def
File: dvipsnam.def 2016/06/17 v3.0m Driver-dependent file (DPC,SPQR)
))
(./manuscript.aux)
\openout1 = `manuscript.aux'.

LaTeX Font Info:    Checking defaults for OML/txmi/m/it on input line 111.
LaTeX Font Info:    Try loading font information for OML+txmi on input line 111
.

(/usr/local/texlive/2017/texmf-dist/tex/latex/txfonts/omltxmi.fd
File: omltxmi.fd 2000/12/15 v3.1
)
LaTeX Font Info:    ... okay on input line 111.
LaTeX Font Info:    Checking defaults for T1/cmr/m/n on input line 111.
LaTeX Font Info:    ... okay on input line 111.
LaTeX Font Info:    Checking defaults for OT1/cmr/m/n on input line 111.
LaTeX Font Info:    ... okay on input line 111.
LaTeX Font Info:    Checking defaults for OMS/txsy/m/n on input line 111.
LaTeX Font Info:    Try loading font information for OMS+txsy on input line 111
.

(/usr/local/texlive/2017/texmf-dist/tex/latex/txfonts/omstxsy.fd
File: omstxsy.fd 2000/12/15 v3.1
)
LaTeX Font Info:    ... okay on input line 111.
LaTeX Font Info:    Checking defaults for OMX/txex/m/n on input line 111.
LaTeX Font Info:    Try loading font information for OMX+txex on input line 111
.

(/usr/local/texlive/2017/texmf-dist/tex/latex/txfonts/omxtxex.fd
File: omxtxex.fd 2000/12/15 v3.1
)
LaTeX Font Info:    ... okay on input line 111.
LaTeX Font Info:    Checking defaults for U/txexa/m/n on input line 111.
LaTeX Font Info:    Try loading font information for U+txexa on input line 111.


(/usr/local/texlive/2017/texmf-dist/tex/latex/txfonts/utxexa.fd
File: utxexa.fd 2000/12/15 v3.1
)
LaTeX Font Info:    ... okay on input line 111.
LaTeX Font Info:    Checking defaults for PD1/pdf/m/n on input line 111.
LaTeX Font Info:    ... okay on input line 111.
LaTeX Font Info:    Try loading font information for OT1+txr on input line 111.


(/usr/local/texlive/2017/texmf-dist/tex/latex/txfonts/ot1txr.fd
File: ot1txr.fd 2000/12/15 v3.1
)
*geometry* driver: auto-detecting
*geometry* detected driver: pdftex
*geometry* verbose mode - [ preamble ] result:
* driver: pdftex
* paper: letterpaper
* layout: <same size as paper>
* layoutoffset:(h,v)=(0.0pt,0.0pt)
* modes: 
* h-part:(L,W,R)=(92.14519pt, 430.00462pt, 92.14519pt)
* v-part:(T,H,B)=(95.39737pt, 556.47656pt, 143.09605pt)
* \paperwidth=614.295pt
* \paperheight=794.96999pt
* \textwidth=430.00462pt
* \textheight=556.47656pt
* \oddsidemargin=19.8752pt
* \evensidemargin=19.8752pt
* \topmargin=-13.87262pt
* \headheight=12.0pt
* \headsep=25.0pt
* \topskip=11.0pt
* \footskip=30.0pt
* \marginparwidth=59.0pt
* \marginparsep=10.0pt
* \columnsep=10.0pt
* \skip\footins=10.0pt plus 4.0pt minus 2.0pt
* \hoffset=0.0pt
* \voffset=0.0pt
* \mag=1000
* \@twocolumnfalse
* \@twosidefalse
* \@mparswitchfalse
* \@reversemarginfalse
* (1in=72.27pt=25.4mm, 1cm=28.453pt)

(/usr/local/texlive/2017/texmf-dist/tex/context/base/mkii/supp-pdf.mkii
[Loading MPS to PDF converter (version 2006.09.02).]
\scratchcounter=\count119
\scratchdimen=\dimen127
\scratchbox=\box34
\nofMPsegments=\count120
\nofMParguments=\count121
\everyMPshowfont=\toks24
\MPscratchCnt=\count122
\MPscratchDim=\dimen128
\MPnumerator=\count123
\makeMPintoPDFobject=\count124
\everyMPtoPDFconversion=\toks25
) (/usr/local/texlive/2017/texmf-dist/tex/latex/oberdiek/epstopdf-base.sty
Package: epstopdf-base 2016/05/15 v2.6 Base part for package epstopdf

(/usr/local/texlive/2017/texmf-dist/tex/latex/oberdiek/grfext.sty
Package: grfext 2016/05/16 v1.2 Manage graphics extensions (HO)
)
Package epstopdf-base Info: Redefining graphics rule for `.eps' on input line 4
38.
Package grfext Info: Graphics extension search list:
(grfext)             [.png,.pdf,.jpg,.mps,.jpeg,.jbig2,.jb2,.PNG,.PDF,.JPG,.JPE
G,.JBIG2,.JB2,.eps]
(grfext)             \AppendGraphicsExtensions on input line 456.

(/usr/local/texlive/2017/texmf-dist/tex/latex/latexconfig/epstopdf-sys.cfg
File: epstopdf-sys.cfg 2010/07/13 v1.3 Configuration of (r)epstopdf for TeX Liv
e
))
\AtBeginShipoutBox=\box35
Package hyperref Info: Link coloring OFF on input line 111.

(/usr/local/texlive/2017/texmf-dist/tex/latex/hyperref/nameref.sty
Package: nameref 2016/05/21 v2.44 Cross-referencing by name of section

(/usr/local/texlive/2017/texmf-dist/tex/generic/oberdiek/gettitlestring.sty
Package: gettitlestring 2016/05/16 v1.5 Cleanup title references (HO)
)
\c@section@level=\count125
)
LaTeX Info: Redefining \ref on input line 111.
LaTeX Info: Redefining \pageref on input line 111.
LaTeX Info: Redefining \nameref on input line 111.

(./manuscript.out) (./manuscript.out)
\@outlinefile=\write3
\openout3 = `manuscript.out'.

LaTeX Font Info:    Try loading font information for U+txsya on input line 113.


(/usr/local/texlive/2017/texmf-dist/tex/latex/txfonts/utxsya.fd
File: utxsya.fd 2000/12/15 v3.1
)
LaTeX Font Info:    Try loading font information for U+txsyb on input line 113.


(/usr/local/texlive/2017/texmf-dist/tex/latex/txfonts/utxsyb.fd
File: utxsyb.fd 2000/12/15 v3.1
)
LaTeX Font Info:    Try loading font information for U+wasy on input line 113.

(/usr/local/texlive/2017/texmf-dist/tex/latex/wasysym/uwasy.fd
File: uwasy.fd 2003/10/30 v2.0 Wasy-2 symbol font definitions
)
LaTeX Font Info:    Try loading font information for U+txmia on input line 113.


(/usr/local/texlive/2017/texmf-dist/tex/latex/txfonts/utxmia.fd
File: utxmia.fd 2000/12/15 v3.1
)
LaTeX Font Info:    Try loading font information for U+txsyc on input line 113.


(/usr/local/texlive/2017/texmf-dist/tex/latex/txfonts/utxsyc.fd
File: utxsyc.fd 2000/12/15 v3.1
) [1

{/usr/local/texlive/2017/texmf-var/fonts/map/pdftex/updmap/pdftex.map}] [2] [3]

<Skew_Normal_densities_jjck.pdf, id=226, 1127.80943pt x 750.54713pt>
File: Skew_Normal_densities_jjck.pdf Graphic file (type pdf)

<use Skew_Normal_densities_jjck.pdf>
Package pdftex.def Info: Skew_Normal_densities_jjck.pdf used on input line 174.

(pdftex.def)             Requested size: 325.7829pt x 216.81pt.
 [4 <./Skew_Normal_densities_jjck.pdf>]
[5] <[1]HD128621Residuals.pdf, id=354, 505.89pt x 505.89pt>
File: [1]HD128621Residuals.pdf Graphic file (type pdf)

<use [1]HD128621Residuals.pdf>
Package pdftex.def Info: [1]HD128621Residuals.pdf used on input line 234.
(pdftex.def)             Requested size: 180.67676pt x 180.67499pt.

<[1]LRa01_E2Residuals.pdf, id=355, 505.89pt x 505.89pt>
File: [1]LRa01_E2Residuals.pdf Graphic file (type pdf)

<use [1]LRa01_E2Residuals.pdf>
Package pdftex.def Info: [1]LRa01_E2Residuals.pdf used on input line 235.
(pdftex.def)             Requested size: 180.67676pt x 180.67499pt.
 [6 <./[1]HD128621Residuals.pdf> <./[1]LRa01_E2Residuals.pdf>]
<FTS_solar_CCFs_whyWeAddAlsoPARAM_A.pdf, id=390, 520.34402pt x 390.25798pt>
File: FTS_solar_CCFs_whyWeAddAlsoPARAM_A.pdf Graphic file (type pdf)

<use FTS_solar_CCFs_whyWeAddAlsoPARAM_A.pdf>
Package pdftex.def Info: FTS_solar_CCFs_whyWeAddAlsoPARAM_A.pdf used on input l
ine 268.
(pdftex.def)             Requested size: 385.44553pt x 289.07999pt.
 [7] [8 <./FTS_solar_CCFs_whyWeAddAlsoPARAM_A.pdf>] [9] <RV_comparison_FACULAE.
pdf, id=447, 505.89pt x 505.89pt>
File: RV_comparison_FACULAE.pdf Graphic file (type pdf)

<use RV_comparison_FACULAE.pdf>
Package pdftex.def Info: RV_comparison_FACULAE.pdf used on input line 298.
(pdftex.def)             Requested size: 289.08589pt x 289.07999pt.

<SOAP_FACULAE_Comparison_para_SN.pdf, id=448, 505.89pt x 505.89pt>
File: SOAP_FACULAE_Comparison_para_SN.pdf Graphic file (type pdf)

<use SOAP_FACULAE_Comparison_para_SN.pdf>
Package pdftex.def Info: SOAP_FACULAE_Comparison_para_SN.pdf used on input line
 307.
(pdftex.def)             Requested size: 289.08589pt x 289.07999pt.
 [10 <./RV_comparison_FACULAE.pdf>]
[11 <./SOAP_FACULAE_Comparison_para_SN.pdf>]
<FACULAE_NEW_CORRECTION_[3]CorrectionActivity_RadialVelocity_vs_time.pdf, id=47
7, 505.89pt x 505.89pt>
File: FACULAE_NEW_CORRECTION_[3]CorrectionActivity_RadialVelocity_vs_time.pdf G
raphic file (type pdf)

<use FACULAE_NEW_CORRECTION_[3]CorrectionActivity_RadialVelocity_vs_time.pdf>
Package pdftex.def Info: FACULAE_NEW_CORRECTION_[3]CorrectionActivity_RadialVel
ocity_vs_time.pdf used on input line 316.
(pdftex.def)             Requested size: 289.08589pt x 289.07999pt.

[12 <./FACULAE_NEW_CORRECTION_[3]CorrectionActivity_RadialVelocity_vs_time.pdf>
] <RV_comparison_SPOT.pdf, id=501, 505.89pt x 505.89pt>
File: RV_comparison_SPOT.pdf Graphic file (type pdf)

<use RV_comparison_SPOT.pdf>
Package pdftex.def Info: RV_comparison_SPOT.pdf used on input line 354.
(pdftex.def)             Requested size: 289.08589pt x 289.07999pt.

<SOAP_SPOT_Comparison_para_SN.pdf, id=502, 505.89pt x 505.89pt>
File: SOAP_SPOT_Comparison_para_SN.pdf Graphic file (type pdf)

<use SOAP_SPOT_Comparison_para_SN.pdf>
Package pdftex.def Info: SOAP_SPOT_Comparison_para_SN.pdf used on input line 36
3.
(pdftex.def)             Requested size: 289.08589pt x 289.07999pt.

<Spot_NEW_CORRECTION_[3]CorrectionActivity_RadialVelocity_vs_time.pdf, id=507, 
505.89pt x 505.89pt>
File: Spot_NEW_CORRECTION_[3]CorrectionActivity_RadialVelocity_vs_time.pdf Grap
hic file (type pdf)

<use Spot_NEW_CORRECTION_[3]CorrectionActivity_RadialVelocity_vs_time.pdf>
Package pdftex.def Info: Spot_NEW_CORRECTION_[3]CorrectionActivity_RadialVeloci
ty_vs_time.pdf used on input line 372.
(pdftex.def)             Requested size: 433.62885pt x 433.62pt.

Overfull \hbox (3.62422pt too wide) in paragraph at lines 372--373
 [][] 
 []

[13] [14 <./RV_comparison_SPOT.pdf>] [15 <./SOAP_SPOT_Comparison_para_SN.pdf>]
[16 <./Spot_NEW_CORRECTION_[3]CorrectionActivity_RadialVelocity_vs_time.pdf>]
<RV_comparison_SPOT_PLANET.pdf, id=559, 505.89pt x 505.89pt>
File: RV_comparison_SPOT_PLANET.pdf Graphic file (type pdf)

<use RV_comparison_SPOT_PLANET.pdf>
Package pdftex.def Info: RV_comparison_SPOT_PLANET.pdf used on input line 410.
(pdftex.def)             Requested size: 433.62885pt x 433.62pt.

Overfull \hbox (3.62422pt too wide) in paragraph at lines 410--412
 [][] 
 []

<SOAP_SPOT_PLANET_Comparison_para_SN.pdf, id=560, 505.89pt x 505.89pt>
File: SOAP_SPOT_PLANET_Comparison_para_SN.pdf Graphic file (type pdf)

<use SOAP_SPOT_PLANET_Comparison_para_SN.pdf>
Package pdftex.def Info: SOAP_SPOT_PLANET_Comparison_para_SN.pdf used on input 
line 419.
(pdftex.def)             Requested size: 433.62885pt x 433.62pt.

Overfull \hbox (3.62422pt too wide) in paragraph at lines 419--420
 [][] 
 []

[17] [18 <./RV_comparison_SPOT_PLANET.pdf>] [19 <./SOAP_SPOT_PLANET_Comparison_
para_SN.pdf>] [20]
<HD12862_[2]gamma_vs_bisspan.pdf, id=616, 505.89pt x 505.89pt>
File: HD12862_[2]gamma_vs_bisspan.pdf Graphic file (type pdf)

<use HD12862_[2]gamma_vs_bisspan.pdf>
Package pdftex.def Info: HD12862_[2]gamma_vs_bisspan.pdf used on input line 499
.
(pdftex.def)             Requested size: 289.08589pt x 289.07999pt.

<HD12862_[2]RadialVelocityDifferences.pdf, id=623, 505.89pt x 505.89pt>
File: HD12862_[2]RadialVelocityDifferences.pdf Graphic file (type pdf)

<use HD12862_[2]RadialVelocityDifferences.pdf>
Package pdftex.def Info: HD12862_[2]RadialVelocityDifferences.pdf used on input
 line 509.
(pdftex.def)             Requested size: 289.08589pt x 289.07999pt.
 [21] [22 <./HD12862_[2]gamma_vs_bisspan.pdf>] [23 <./HD12862_[2]RadialVelocity
Differences.pdf>]
<HD12862_[4]Comparison_para.pdf, id=659, 505.89pt x 505.89pt>
File: HD12862_[4]Comparison_para.pdf Graphic file (type pdf)

<use HD12862_[4]Comparison_para.pdf>
Package pdftex.def Info: HD12862_[4]Comparison_para.pdf used on input line 521.

(pdftex.def)             Requested size: 433.62885pt x 433.62pt.

Overfull \hbox (3.62422pt too wide) in paragraph at lines 521--522
 [][] 
 []


<NEW_CORRECTIONHD12862_[3]CorrectionActivity_RadialVelocity_vs_time.pdf, id=662
, 505.89pt x 505.89pt>
File: NEW_CORRECTIONHD12862_[3]CorrectionActivity_RadialVelocity_vs_time.pdf Gr
aphic file (type pdf)

<use NEW_CORRECTIONHD12862_[3]CorrectionActivity_RadialVelocity_vs_time.pdf>
Package pdftex.def Info: NEW_CORRECTIONHD12862_[3]CorrectionActivity_RadialVelo
city_vs_time.pdf used on input line 531.
(pdftex.def)             Requested size: 433.62885pt x 433.62pt.

Overfull \hbox (3.62422pt too wide) in paragraph at lines 531--532
 [][] 
 []

[24] [25 <./HD12862_[4]Comparison_para.pdf>] [26 <./NEW_CORRECTIONHD12862_[3]Co
rrectionActivity_RadialVelocity_vs_time.pdf>] [27]
<RV_comparison_FACULAE_standard_errors.pdf, id=724, 505.89pt x 505.89pt>
File: RV_comparison_FACULAE_standard_errors.pdf Graphic file (type pdf)

<use RV_comparison_FACULAE_standard_errors.pdf>
Package pdftex.def Info: RV_comparison_FACULAE_standard_errors.pdf used on inpu
t line 583.
(pdftex.def)             Requested size: 289.08589pt x 289.07999pt.

<RV_comparison_SPOT_standard_errors.pdf, id=726, 505.89pt x 505.89pt>
File: RV_comparison_SPOT_standard_errors.pdf Graphic file (type pdf)

<use RV_comparison_SPOT_standard_errors.pdf>
Package pdftex.def Info: RV_comparison_SPOT_standard_errors.pdf used on input l
ine 592.
(pdftex.def)             Requested size: 289.08589pt x 289.07999pt.

<RV_comparison_SPOT_PLANET_standard_errors.pdf, id=728, 505.89pt x 505.89pt>
File: RV_comparison_SPOT_PLANET_standard_errors.pdf Graphic file (type pdf)

<use RV_comparison_SPOT_PLANET_standard_errors.pdf>
Package pdftex.def Info: RV_comparison_SPOT_PLANET_standard_errors.pdf used on 
input line 601.
(pdftex.def)             Requested size: 289.08589pt x 289.07999pt.
 [28] [29 <./RV_comparison_FACULAE_standard_errors.pdf>] [30 <./RV_comparison_S
POT_standard_errors.pdf>]
[31 <./RV_comparison_SPOT_PLANET_standard_errors.pdf>]
<[5]Errors_vs_SNR_all_stars.pdf, id=772, 505.89pt x 505.89pt>
File: [5]Errors_vs_SNR_all_stars.pdf Graphic file (type pdf)

<use [5]Errors_vs_SNR_all_stars.pdf>
Package pdftex.def Info: [5]Errors_vs_SNR_all_stars.pdf used on input line 618.

(pdftex.def)             Requested size: 289.08589pt x 289.07999pt.
 [32] [33 <./[5]Errors_vs_SNR_all_stars.pdf>] [34] <HD19231_[4]Comparison_para.
pdf, id=807, 505.89pt x 505.89pt>
File: HD19231_[4]Comparison_para.pdf Graphic file (type pdf)

<use HD19231_[4]Comparison_para.pdf>
Package pdftex.def Info: HD19231_[4]Comparison_para.pdf used on input line 701.

(pdftex.def)             Requested size: 433.62885pt x 433.62pt.

Overfull \hbox (3.62422pt too wide) in paragraph at lines 701--702
 [][] 
 []


<NEW_CORRECTIONHD19231_[3]CorrectionActivity_RadialVelocity_vs_time.pdf, id=808
, 505.89pt x 505.89pt>
File: NEW_CORRECTIONHD19231_[3]CorrectionActivity_RadialVelocity_vs_time.pdf Gr
aphic file (type pdf)

<use NEW_CORRECTIONHD19231_[3]CorrectionActivity_RadialVelocity_vs_time.pdf>
Package pdftex.def Info: NEW_CORRECTIONHD19231_[3]CorrectionActivity_RadialVelo
city_vs_time.pdf used on input line 708.
(pdftex.def)             Requested size: 433.62885pt x 433.62pt.

Overfull \hbox (3.62422pt too wide) in paragraph at lines 708--709
 [][] 
 []

<HD10700_[4]Comparison_para.pdf, id=811, 505.89pt x 505.89pt>
File: HD10700_[4]Comparison_para.pdf Graphic file (type pdf)

<use HD10700_[4]Comparison_para.pdf>
Package pdftex.def Info: HD10700_[4]Comparison_para.pdf used on input line 716.

(pdftex.def)             Requested size: 433.62885pt x 433.62pt.

Overfull \hbox (3.62422pt too wide) in paragraph at lines 716--717
 [][] 
 []


<NEW_CORRECTIONHD10700_[3]CorrectionActivity_RadialVelocity_vs_time.pdf, id=812
, 505.89pt x 505.89pt>
File: NEW_CORRECTIONHD10700_[3]CorrectionActivity_RadialVelocity_vs_time.pdf Gr
aphic file (type pdf)

<use NEW_CORRECTIONHD10700_[3]CorrectionActivity_RadialVelocity_vs_time.pdf>
Package pdftex.def Info: NEW_CORRECTIONHD10700_[3]CorrectionActivity_RadialVelo
city_vs_time.pdf used on input line 723.
(pdftex.def)             Requested size: 433.62885pt x 433.62pt.

Overfull \hbox (3.62422pt too wide) in paragraph at lines 723--724
 [][] 
 []

<HD21515_[4]Comparison_para.pdf, id=815, 505.89pt x 505.89pt>
File: HD21515_[4]Comparison_para.pdf Graphic file (type pdf)

<use HD21515_[4]Comparison_para.pdf>
Package pdftex.def Info: HD21515_[4]Comparison_para.pdf used on input line 731.

(pdftex.def)             Requested size: 433.62885pt x 433.62pt.

Overfull \hbox (3.62422pt too wide) in paragraph at lines 731--732
 [][] 
 []


<NEW_CORRECTIONHD21515_[3]CorrectionActivity_RadialVelocity_vs_time.pdf, id=816
, 505.89pt x 505.89pt>
File: NEW_CORRECTIONHD21515_[3]CorrectionActivity_RadialVelocity_vs_time.pdf Gr
aphic file (type pdf)

<use NEW_CORRECTIONHD21515_[3]CorrectionActivity_RadialVelocity_vs_time.pdf>
Package pdftex.def Info: NEW_CORRECTIONHD21515_[3]CorrectionActivity_RadialVelo
city_vs_time.pdf used on input line 738.
(pdftex.def)             Requested size: 433.62885pt x 433.62pt.

Overfull \hbox (3.62422pt too wide) in paragraph at lines 738--739
 [][] 
 []

<LRa01_E_[4]Comparison_para.pdf, id=819, 505.89pt x 505.89pt>
File: LRa01_E_[4]Comparison_para.pdf Graphic file (type pdf)

<use LRa01_E_[4]Comparison_para.pdf>
Package pdftex.def Info: LRa01_E_[4]Comparison_para.pdf used on input line 746.

(pdftex.def)             Requested size: 433.62885pt x 433.62pt.

Overfull \hbox (3.62422pt too wide) in paragraph at lines 746--747
 [][] 
 []


<NEW_CORRECTIONLRa01_E_[3]CorrectionActivity_RadialVelocity_vs_time.pdf, id=820
, 505.89pt x 505.89pt>
File: NEW_CORRECTIONLRa01_E_[3]CorrectionActivity_RadialVelocity_vs_time.pdf Gr
aphic file (type pdf)

<use NEW_CORRECTIONLRa01_E_[3]CorrectionActivity_RadialVelocity_vs_time.pdf>
Package pdftex.def Info: NEW_CORRECTIONLRa01_E_[3]CorrectionActivity_RadialVelo
city_vs_time.pdf used on input line 753.
(pdftex.def)             Requested size: 433.62885pt x 433.62pt.

Overfull \hbox (3.62422pt too wide) in paragraph at lines 753--754
 [][] 
 []

(./manuscript.bbl [35] [36 <./HD19231_[4]Comparison_para.pdf>] [37 <./NEW_CORRE
CTIONHD19231_[3]CorrectionActivity_RadialVelocity_vs_time.pdf>] [38 <./HD10700_
[4]Comparison_para.pdf>] [39 <./NEW_CORRECTIONHD10700_[3]CorrectionActivity_Rad
ialVelocity_vs_time.pdf>] [40 <./HD21515_[4]Comparison_para.pdf>] [41 <./NEW_CO
RRECTIONHD21515_[3]CorrectionActivity_RadialVelocity_vs_time.pdf>] [42 <./LRa01
_E_[4]Comparison_para.pdf>] [43 <./NEW_CORRECTIONLRa01_E_[3]CorrectionActivity_
RadialVelocity_vs_time.pdf>] [44] [45])
Package atveryend Info: Empty hook `BeforeClearDocument' on input line 844.
 [46]
Package atveryend Info: Empty hook `AfterLastShipout' on input line 844.
 (./manuscript.aux)
Package atveryend Info: Executing hook `AtVeryEndDocument' on input line 844.
Package atveryend Info: Executing hook `AtEndAfterFileList' on input line 844.
Package rerunfilecheck Info: File `manuscript.out' has not changed.
(rerunfilecheck)             Checksum: 13C874D11A03C36BE77726AF6F601DC7;1338.
Package atveryend Info: Empty hook `AtVeryVeryEnd' on input line 844.
 ) 
Here is how much of TeX's memory you used:
 8235 strings out of 492995
 119828 string characters out of 6132704
 231623 words of memory out of 5000000
 11462 multiletter control sequences out of 15000+600000
 56864 words of font info for 142 fonts, out of 8000000 for 9000
 1141 hyphenation exceptions out of 8191
 28i,13n,28p,2293b,486s stack positions out of 5000i,500n,10000p,200000b,80000s
{/usr/local/texlive/2017/texmf-dist/fonts/enc/dvips/base/8r.enc}</usr/local/t
exlive/2017/texmf-dist/fonts/type1/public/txfonts/rtxi.pfb></usr/local/texlive/
2017/texmf-dist/fonts/type1/public/txfonts/rtxmi.pfb></usr/local/texlive/2017/t
exmf-dist/fonts/type1/public/txfonts/rtxr.pfb></usr/local/texlive/2017/texmf-di
st/fonts/type1/public/txfonts/txex.pfb></usr/local/texlive/2017/texmf-dist/font
s/type1/public/txfonts/txsy.pfb></usr/local/texlive/2017/texmf-dist/fonts/type1
/public/txfonts/txsyb.pfb></usr/local/texlive/2017/texmf-dist/fonts/type1/urw/t
imes/utmb8a.pfb></usr/local/texlive/2017/texmf-dist/fonts/type1/urw/times/utmr8
a.pfb></usr/local/texlive/2017/texmf-dist/fonts/type1/urw/times/utmri8a.pfb>
Output written on manuscript.pdf (46 pages, 2020020 bytes).
PDF statistics:
 1012 PDF objects out of 1200 (max. 8388607)
 848 compressed objects within 9 object streams
 150 named destinations out of 1000 (max. 500000)
 293 words of extra memory for PDF output out of 10000 (max. 10000000)

